2025-07-09 15:07:19 [restartedMain] INFO  c.rewardapp.RewardProgramApplication - Starting RewardProgramApplication using Java 21.0.3 with PID 9228 (D:\STS WorkSpace\InterView Questions\rewardprogram3\target\classes started by manut in D:\STS WorkSpace\InterView Questions\rewardprogram3)
2025-07-09 15:07:19 [restartedMain] DEBUG c.rewardapp.RewardProgramApplication - Running with Spring Boot v3.5.3, Spring v6.2.8
2025-07-09 15:07:19 [restartedMain] INFO  c.rewardapp.RewardProgramApplication - No active profile set, falling back to 1 default profile: "default"
2025-07-09 15:08:32 [main] INFO  c.r.r.RewardControllerTest - Starting RewardControllerTest using Java 21.0.3 with PID 10256 (started by manut in D:\STS WorkSpace\InterView Questions\rewardprogram3)
2025-07-09 15:08:32 [main] DEBUG c.r.r.RewardControllerTest - Running with Spring Boot v3.5.3, Spring v6.2.8
2025-07-09 15:08:32 [main] INFO  c.r.r.RewardControllerTest - No active profile set, falling back to 1 default profile: "default"
2025-07-09 15:08:35 [main] INFO  c.r.r.RewardControllerTest - Started RewardControllerTest in 3.773 seconds (process running for 5.371)
2025-07-09 15:08:35 [main] ERROR c.r.r.RewardController - Invalid date format for startDate: 01-07-2025
2025-07-09 15:08:36 [main] INFO  c.r.r.RewardController - Fetching reward data for all customers between 2025-07-01 and 2025-07-06
2025-07-09 15:08:36 [main] INFO  c.r.r.RewardController - Fetching reward data for customer 'Satyam' between 2025-07-01 and 2025-07-06
2025-07-09 15:08:36 [main] INFO  c.r.r.RewardController - Fetching reward data for all customers between 2025-07-01 and 2025-07-06
2025-07-09 15:08:36 [main] ERROR c.r.r.RewardController - Invalid date format for startDate: 07-01-2025
2025-07-09 15:08:36 [main] INFO  c.r.r.RewardIntegrationTest - Starting RewardIntegrationTest using Java 21.0.3 with PID 10256 (started by manut in D:\STS WorkSpace\InterView Questions\rewardprogram3)
2025-07-09 15:08:36 [main] DEBUG c.r.r.RewardIntegrationTest - Running with Spring Boot v3.5.3, Spring v6.2.8
2025-07-09 15:08:36 [main] INFO  c.r.r.RewardIntegrationTest - No active profile set, falling back to 1 default profile: "default"
2025-07-09 15:08:41 [main] INFO  c.r.r.RewardIntegrationTest - Started RewardIntegrationTest in 4.93 seconds (process running for 11.407)
2025-07-09 15:08:42 [main] ERROR c.r.r.RewardController - Invalid date format for startDate: 07-01-2025
2025-07-09 15:08:42 [main] INFO  c.r.r.RewardController - Fetching reward data for customer 'ManuTiwari' between 2025-07-01 and 2025-07-31
2025-07-09 15:08:42 [main] WARN  c.r.rewardservice.RewardServiceImpl - No transactions found for customer: ManuTiwari
2025-07-09 15:08:42 [main] ERROR c.r.r.CustomerNotFoundException - This is an error log: customer not found: unknown
2025-07-09 15:08:42 [main] INFO  c.r.r.RewardController - Fetching reward data for customer 'Satyam' between 2025-07-01 and 2025-07-31
2025-07-09 15:08:42 [main] INFO  c.r.r.RewardController - Fetching reward data for customer 'Satyam' between 2025-06-01 and 2025-06-30
2025-07-09 15:08:42 [main] WARN  c.r.rewardservice.RewardServiceImpl - No transactions found for customer: Satyam
2025-07-09 15:08:42 [main] ERROR c.r.r.CustomerNotFoundException - This is an error log: customer not found: unknown
2025-07-09 15:08:42 [main] INFO  c.r.r.RewardController - Fetching reward data for customer 'Satyam' between 2025-07-01 and 2025-07-02
2025-07-09 15:08:42 [main] INFO  c.r.r.RewardController - Fetching reward data for customer 'Satyam' between 2025-07-01 and 2025-07-31
2025-07-09 15:08:42 [main] WARN  c.r.rewardservice.RewardServiceImpl - No transactions found in date range 2025-07-01 to 2025-07-10
2025-07-09 15:08:42 [main] ERROR c.r.r.CustomerNotFoundException - This is an error log: customer not found: unknown
2025-07-09 15:08:42 [main] ERROR c.r.rewardservice.RewardServiceImpl - Negative reward points : amount=-100.0
2025-07-09 15:08:42 [main] ERROR c.r.rewardservice.RewardServiceImpl - Reward calculation failed for customer: ManuTiwari
com.rewardapp.rewardexception.RewardCalculationException: Reward calculation failed/negative for customers:ManuTiwari
	at com.rewardapp.rewardservice.RewardServiceImpl.buildRewardSummary(RewardServiceImpl.java:82)
	at com.rewardapp.rewardservice.RewardServiceImpl.getSpecificCustomerRewards(RewardServiceImpl.java:45)
	at com.rewardapp.rewardservicetest.RewardServiceTest.lambda$shouldThrowRewardCalculationException_WhenTransactionHasNegativeAmount$3(RewardServiceTest.java:103)
	at org.junit.jupiter.api.AssertThrows.assertThrows(AssertThrows.java:53)
	at org.junit.jupiter.api.AssertThrows.assertThrows(AssertThrows.java:39)
	at org.junit.jupiter.api.Assertions.assertThrows(Assertions.java:3153)
	at com.rewardapp.rewardservicetest.RewardServiceTest.shouldThrowRewardCalculationException_WhenTransactionHasNegativeAmount(RewardServiceTest.java:102)
	at java.base/jdk.internal.reflect.DirectMethodHandleAccessor.invoke(DirectMethodHandleAccessor.java:103)
	at java.base/java.lang.reflect.Method.invoke(Method.java:580)
	at org.junit.platform.commons.util.ReflectionUtils.invokeMethod(ReflectionUtils.java:775)
	at org.junit.platform.commons.support.ReflectionSupport.invokeMethod(ReflectionSupport.java:479)
	at org.junit.jupiter.engine.execution.MethodInvocation.proceed(MethodInvocation.java:60)
	at org.junit.jupiter.engine.execution.InvocationInterceptorChain$ValidatingInvocation.proceed(InvocationInterceptorChain.java:131)
	at org.junit.jupiter.engine.extension.TimeoutExtension.intercept(TimeoutExtension.java:161)
	at org.junit.jupiter.engine.extension.TimeoutExtension.interceptTestableMethod(TimeoutExtension.java:152)
	at org.junit.jupiter.engine.extension.TimeoutExtension.interceptTestMethod(TimeoutExtension.java:91)
	at org.junit.jupiter.engine.execution.InterceptingExecutableInvoker$ReflectiveInterceptorCall.lambda$ofVoidMethod$0(InterceptingExecutableInvoker.java:112)
	at org.junit.jupiter.engine.execution.InterceptingExecutableInvoker.lambda$invoke$0(InterceptingExecutableInvoker.java:94)
	at org.junit.jupiter.engine.execution.InvocationInterceptorChain$InterceptedInvocation.proceed(InvocationInterceptorChain.java:106)
	at org.junit.jupiter.engine.execution.InvocationInterceptorChain.proceed(InvocationInterceptorChain.java:64)
	at org.junit.jupiter.engine.execution.InvocationInterceptorChain.chainAndInvoke(InvocationInterceptorChain.java:45)
	at org.junit.jupiter.engine.execution.InvocationInterceptorChain.invoke(InvocationInterceptorChain.java:37)
	at org.junit.jupiter.engine.execution.InterceptingExecutableInvoker.invoke(InterceptingExecutableInvoker.java:93)
	at org.junit.jupiter.engine.execution.InterceptingExecutableInvoker.invoke(InterceptingExecutableInvoker.java:87)
	at org.junit.jupiter.engine.descriptor.TestMethodTestDescriptor.lambda$invokeTestMethod$7(TestMethodTestDescriptor.java:216)
	at org.junit.platform.engine.support.hierarchical.ThrowableCollector.execute(ThrowableCollector.java:73)
	at org.junit.jupiter.engine.descriptor.TestMethodTestDescriptor.invokeTestMethod(TestMethodTestDescriptor.java:212)
	at org.junit.jupiter.engine.descriptor.TestMethodTestDescriptor.execute(TestMethodTestDescriptor.java:137)
	at org.junit.jupiter.engine.descriptor.TestMethodTestDescriptor.execute(TestMethodTestDescriptor.java:69)
	at org.junit.platform.engine.support.hierarchical.NodeTestTask.lambda$executeRecursively$6(NodeTestTask.java:156)
	at org.junit.platform.engine.support.hierarchical.ThrowableCollector.execute(ThrowableCollector.java:73)
	at org.junit.platform.engine.support.hierarchical.NodeTestTask.lambda$executeRecursively$8(NodeTestTask.java:146)
	at org.junit.platform.engine.support.hierarchical.Node.around(Node.java:137)
	at org.junit.platform.engine.support.hierarchical.NodeTestTask.lambda$executeRecursively$9(NodeTestTask.java:144)
	at org.junit.platform.engine.support.hierarchical.ThrowableCollector.execute(ThrowableCollector.java:73)
	at org.junit.platform.engine.support.hierarchical.NodeTestTask.executeRecursively(NodeTestTask.java:143)
	at org.junit.platform.engine.support.hierarchical.NodeTestTask.execute(NodeTestTask.java:100)
	at java.base/java.util.ArrayList.forEach(ArrayList.java:1596)
	at org.junit.platform.engine.support.hierarchical.SameThreadHierarchicalTestExecutorService.invokeAll(SameThreadHierarchicalTestExecutorService.java:41)
	at org.junit.platform.engine.support.hierarchical.NodeTestTask.lambda$executeRecursively$6(NodeTestTask.java:160)
	at org.junit.platform.engine.support.hierarchical.ThrowableCollector.execute(ThrowableCollector.java:73)
	at org.junit.platform.engine.support.hierarchical.NodeTestTask.lambda$executeRecursively$8(NodeTestTask.java:146)
	at org.junit.platform.engine.support.hierarchical.Node.around(Node.java:137)
	at org.junit.platform.engine.support.hierarchical.NodeTestTask.lambda$executeRecursively$9(NodeTestTask.java:144)
	at org.junit.platform.engine.support.hierarchical.ThrowableCollector.execute(ThrowableCollector.java:73)
	at org.junit.platform.engine.support.hierarchical.NodeTestTask.executeRecursively(NodeTestTask.java:143)
	at org.junit.platform.engine.support.hierarchical.NodeTestTask.execute(NodeTestTask.java:100)
	at java.base/java.util.ArrayList.forEach(ArrayList.java:1596)
	at org.junit.platform.engine.support.hierarchical.SameThreadHierarchicalTestExecutorService.invokeAll(SameThreadHierarchicalTestExecutorService.java:41)
	at org.junit.platform.engine.support.hierarchical.NodeTestTask.lambda$executeRecursively$6(NodeTestTask.java:160)
	at org.junit.platform.engine.support.hierarchical.ThrowableCollector.execute(ThrowableCollector.java:73)
	at org.junit.platform.engine.support.hierarchical.NodeTestTask.lambda$executeRecursively$8(NodeTestTask.java:146)
	at org.junit.platform.engine.support.hierarchical.Node.around(Node.java:137)
	at org.junit.platform.engine.support.hierarchical.NodeTestTask.lambda$executeRecursively$9(NodeTestTask.java:144)
	at org.junit.platform.engine.support.hierarchical.ThrowableCollector.execute(ThrowableCollector.java:73)
	at org.junit.platform.engine.support.hierarchical.NodeTestTask.executeRecursively(NodeTestTask.java:143)
	at org.junit.platform.engine.support.hierarchical.NodeTestTask.execute(NodeTestTask.java:100)
	at org.junit.platform.engine.support.hierarchical.SameThreadHierarchicalTestExecutorService.submit(SameThreadHierarchicalTestExecutorService.java:35)
	at org.junit.platform.engine.support.hierarchical.HierarchicalTestExecutor.execute(HierarchicalTestExecutor.java:57)
	at org.junit.platform.engine.support.hierarchical.HierarchicalTestEngine.execute(HierarchicalTestEngine.java:54)
	at org.junit.platform.launcher.core.EngineExecutionOrchestrator.execute(EngineExecutionOrchestrator.java:201)
	at org.junit.platform.launcher.core.EngineExecutionOrchestrator.execute(EngineExecutionOrchestrator.java:170)
	at org.junit.platform.launcher.core.EngineExecutionOrchestrator.execute(EngineExecutionOrchestrator.java:94)
	at org.junit.platform.launcher.core.EngineExecutionOrchestrator.lambda$execute$0(EngineExecutionOrchestrator.java:59)
	at org.junit.platform.launcher.core.EngineExecutionOrchestrator.withInterceptedStreams(EngineExecutionOrchestrator.java:142)
	at org.junit.platform.launcher.core.EngineExecutionOrchestrator.execute(EngineExecutionOrchestrator.java:58)
	at org.junit.platform.launcher.core.DefaultLauncher.execute(DefaultLauncher.java:103)
	at org.junit.platform.launcher.core.DefaultLauncher.execute(DefaultLauncher.java:85)
	at org.junit.platform.launcher.core.DelegatingLauncher.execute(DelegatingLauncher.java:47)
	at org.junit.platform.launcher.core.InterceptingLauncher.lambda$execute$1(InterceptingLauncher.java:39)
	at org.junit.platform.launcher.core.ClasspathAlignmentCheckingLauncherInterceptor.intercept(ClasspathAlignmentCheckingLauncherInterceptor.java:25)
	at org.junit.platform.launcher.core.InterceptingLauncher.execute(InterceptingLauncher.java:38)
	at org.junit.platform.launcher.core.DelegatingLauncher.execute(DelegatingLauncher.java:47)
	at org.apache.maven.surefire.junitplatform.LazyLauncher.execute(LazyLauncher.java:56)
	at org.apache.maven.surefire.junitplatform.JUnitPlatformProvider.execute(JUnitPlatformProvider.java:194)
	at org.apache.maven.surefire.junitplatform.JUnitPlatformProvider.invokeAllTests(JUnitPlatformProvider.java:150)
	at org.apache.maven.surefire.junitplatform.JUnitPlatformProvider.invoke(JUnitPlatformProvider.java:124)
	at org.apache.maven.surefire.booter.ForkedBooter.runSuitesInProcess(ForkedBooter.java:385)
	at org.apache.maven.surefire.booter.ForkedBooter.execute(ForkedBooter.java:162)
	at org.apache.maven.surefire.booter.ForkedBooter.run(ForkedBooter.java:507)
	at org.apache.maven.surefire.booter.ForkedBooter.main(ForkedBooter.java:495)
2025-07-09 15:08:42 [main] WARN  c.r.rewardservice.RewardServiceImpl - No transactions found for customer: NonExistingUser
2025-07-09 15:08:42 [main] ERROR c.r.r.CustomerNotFoundException - This is an error log: customer not found: unknown
2025-07-09 15:09:02 [restartedMain] INFO  c.rewardapp.RewardProgramApplication - Starting RewardProgramApplication using Java 21.0.3 with PID 1748 (D:\STS WorkSpace\InterView Questions\rewardprogram3\target\classes started by manut in D:\STS WorkSpace\InterView Questions\rewardprogram3)
2025-07-09 15:09:02 [restartedMain] DEBUG c.rewardapp.RewardProgramApplication - Running with Spring Boot v3.5.3, Spring v6.2.8
2025-07-09 15:09:02 [restartedMain] INFO  c.rewardapp.RewardProgramApplication - No active profile set, falling back to 1 default profile: "default"
2025-07-09 15:09:06 [restartedMain] INFO  c.rewardapp.RewardProgramApplication - Started RewardProgramApplication in 4.327 seconds (process running for 5.19)
2025-07-09 15:09:28 [http-nio-8083-exec-1] INFO  c.r.r.RewardController - Fetching reward data for customer 'Alice' between 2025-07-01 and 2025-07-31
2025-07-09 15:09:29 [http-nio-8083-exec-1] WARN  c.r.rewardservice.RewardServiceImpl - No transactions found for customer: Alice
2025-07-09 15:09:29 [http-nio-8083-exec-1] ERROR c.r.r.CustomerNotFoundException - This is an error log: customer not found: unknown
2025-07-09 15:09:36 [http-nio-8083-exec-3] INFO  c.r.r.RewardController - Fetching reward data for customer 'Satyam' between 2025-07-01 and 2025-07-31
2025-07-09 15:09:45 [http-nio-8083-exec-4] INFO  c.r.r.RewardController - Fetching reward data for all customers between 2025-07-01 and 2025-07-30
2025-07-09 15:10:02 [http-nio-8083-exec-8] INFO  c.r.r.RewardController - Received transaction from customer 'manu', amount: 101.0
2025-07-09 15:10:17 [http-nio-8083-exec-1] INFO  c.r.r.RewardController - Received transaction from customer 'manu', amount: 101.0
2025-07-09 15:16:02 [main] INFO  c.r.r.RewardControllerTest - Starting RewardControllerTest using Java 21.0.3 with PID 11188 (started by manut in D:\STS WorkSpace\InterView Questions\rewardprogram)
2025-07-09 15:16:02 [main] DEBUG c.r.r.RewardControllerTest - Running with Spring Boot v3.5.3, Spring v6.2.8
2025-07-09 15:16:02 [main] INFO  c.r.r.RewardControllerTest - No active profile set, falling back to 1 default profile: "default"
2025-07-09 15:16:05 [main] INFO  c.r.r.RewardControllerTest - Started RewardControllerTest in 3.915 seconds (process running for 5.505)
2025-07-09 15:16:05 [main] ERROR c.r.r.RewardController - Invalid date format for startDate: 01-07-2025
2025-07-09 15:16:05 [main] INFO  c.r.r.RewardController - Fetching reward data for all customers between 2025-07-01 and 2025-07-06
2025-07-09 15:16:06 [main] INFO  c.r.r.RewardController - Fetching reward data for customer 'Satyam' between 2025-07-01 and 2025-07-06
2025-07-09 15:16:06 [main] INFO  c.r.r.RewardController - Fetching reward data for all customers between 2025-07-01 and 2025-07-06
2025-07-09 15:16:06 [main] ERROR c.r.r.RewardController - Invalid date format for startDate: 07-01-2025
2025-07-09 15:16:06 [main] INFO  c.r.r.RewardIntegrationTest - Starting RewardIntegrationTest using Java 21.0.3 with PID 11188 (started by manut in D:\STS WorkSpace\InterView Questions\rewardprogram)
2025-07-09 15:16:06 [main] DEBUG c.r.r.RewardIntegrationTest - Running with Spring Boot v3.5.3, Spring v6.2.8
2025-07-09 15:16:06 [main] INFO  c.r.r.RewardIntegrationTest - No active profile set, falling back to 1 default profile: "default"
2025-07-09 15:16:10 [main] INFO  c.r.r.RewardIntegrationTest - Started RewardIntegrationTest in 4.437 seconds (process running for 10.778)
2025-07-09 15:16:10 [main] ERROR c.r.r.RewardController - Invalid date format for startDate: 07-01-2025
2025-07-09 15:16:11 [main] INFO  c.r.r.RewardController - Fetching reward data for customer 'ManuTiwari' between 2025-07-01 and 2025-07-31
2025-07-09 15:16:11 [main] WARN  c.r.rewardservice.RewardServiceImpl - No transactions found for customer: ManuTiwari
2025-07-09 15:16:11 [main] ERROR c.r.r.CustomerNotFoundException - This is an error log: customer not found: unknown
2025-07-09 15:16:11 [main] INFO  c.r.r.RewardController - Fetching reward data for customer 'Satyam' between 2025-07-01 and 2025-07-31
2025-07-09 15:16:11 [main] INFO  c.r.r.RewardController - Fetching reward data for customer 'Satyam' between 2025-06-01 and 2025-06-30
2025-07-09 15:16:11 [main] WARN  c.r.rewardservice.RewardServiceImpl - No transactions found for customer: Satyam
2025-07-09 15:16:11 [main] ERROR c.r.r.CustomerNotFoundException - This is an error log: customer not found: unknown
2025-07-09 15:16:11 [main] INFO  c.r.r.RewardController - Fetching reward data for customer 'Satyam' between 2025-07-01 and 2025-07-02
2025-07-09 15:16:11 [main] INFO  c.r.r.RewardController - Fetching reward data for customer 'Satyam' between 2025-07-01 and 2025-07-31
2025-07-09 15:16:11 [main] WARN  c.r.rewardservice.RewardServiceImpl - No transactions found in date range 2025-07-01 to 2025-07-10
2025-07-09 15:16:11 [main] ERROR c.r.r.CustomerNotFoundException - This is an error log: customer not found: unknown
2025-07-09 15:16:11 [main] ERROR c.r.rewardservice.RewardServiceImpl - Negative reward points : amount=-100.0
2025-07-09 15:16:11 [main] ERROR c.r.rewardservice.RewardServiceImpl - Reward calculation failed for customer: ManuTiwari
com.rewardapp.rewardexception.RewardCalculationException: Reward calculation failed/negative for customers:ManuTiwari
	at com.rewardapp.rewardservice.RewardServiceImpl.buildRewardSummary(RewardServiceImpl.java:82)
	at com.rewardapp.rewardservice.RewardServiceImpl.getSpecificCustomerRewards(RewardServiceImpl.java:45)
	at com.rewardapp.rewardservicetest.RewardServiceTest.lambda$shouldThrowRewardCalculationException_WhenTransactionHasNegativeAmount$3(RewardServiceTest.java:103)
	at org.junit.jupiter.api.AssertThrows.assertThrows(AssertThrows.java:53)
	at org.junit.jupiter.api.AssertThrows.assertThrows(AssertThrows.java:39)
	at org.junit.jupiter.api.Assertions.assertThrows(Assertions.java:3153)
	at com.rewardapp.rewardservicetest.RewardServiceTest.shouldThrowRewardCalculationException_WhenTransactionHasNegativeAmount(RewardServiceTest.java:102)
	at java.base/jdk.internal.reflect.DirectMethodHandleAccessor.invoke(DirectMethodHandleAccessor.java:103)
	at java.base/java.lang.reflect.Method.invoke(Method.java:580)
	at org.junit.platform.commons.util.ReflectionUtils.invokeMethod(ReflectionUtils.java:775)
	at org.junit.platform.commons.support.ReflectionSupport.invokeMethod(ReflectionSupport.java:479)
	at org.junit.jupiter.engine.execution.MethodInvocation.proceed(MethodInvocation.java:60)
	at org.junit.jupiter.engine.execution.InvocationInterceptorChain$ValidatingInvocation.proceed(InvocationInterceptorChain.java:131)
	at org.junit.jupiter.engine.extension.TimeoutExtension.intercept(TimeoutExtension.java:161)
	at org.junit.jupiter.engine.extension.TimeoutExtension.interceptTestableMethod(TimeoutExtension.java:152)
	at org.junit.jupiter.engine.extension.TimeoutExtension.interceptTestMethod(TimeoutExtension.java:91)
	at org.junit.jupiter.engine.execution.InterceptingExecutableInvoker$ReflectiveInterceptorCall.lambda$ofVoidMethod$0(InterceptingExecutableInvoker.java:112)
	at org.junit.jupiter.engine.execution.InterceptingExecutableInvoker.lambda$invoke$0(InterceptingExecutableInvoker.java:94)
	at org.junit.jupiter.engine.execution.InvocationInterceptorChain$InterceptedInvocation.proceed(InvocationInterceptorChain.java:106)
	at org.junit.jupiter.engine.execution.InvocationInterceptorChain.proceed(InvocationInterceptorChain.java:64)
	at org.junit.jupiter.engine.execution.InvocationInterceptorChain.chainAndInvoke(InvocationInterceptorChain.java:45)
	at org.junit.jupiter.engine.execution.InvocationInterceptorChain.invoke(InvocationInterceptorChain.java:37)
	at org.junit.jupiter.engine.execution.InterceptingExecutableInvoker.invoke(InterceptingExecutableInvoker.java:93)
	at org.junit.jupiter.engine.execution.InterceptingExecutableInvoker.invoke(InterceptingExecutableInvoker.java:87)
	at org.junit.jupiter.engine.descriptor.TestMethodTestDescriptor.lambda$invokeTestMethod$7(TestMethodTestDescriptor.java:216)
	at org.junit.platform.engine.support.hierarchical.ThrowableCollector.execute(ThrowableCollector.java:73)
	at org.junit.jupiter.engine.descriptor.TestMethodTestDescriptor.invokeTestMethod(TestMethodTestDescriptor.java:212)
	at org.junit.jupiter.engine.descriptor.TestMethodTestDescriptor.execute(TestMethodTestDescriptor.java:137)
	at org.junit.jupiter.engine.descriptor.TestMethodTestDescriptor.execute(TestMethodTestDescriptor.java:69)
	at org.junit.platform.engine.support.hierarchical.NodeTestTask.lambda$executeRecursively$6(NodeTestTask.java:156)
	at org.junit.platform.engine.support.hierarchical.ThrowableCollector.execute(ThrowableCollector.java:73)
	at org.junit.platform.engine.support.hierarchical.NodeTestTask.lambda$executeRecursively$8(NodeTestTask.java:146)
	at org.junit.platform.engine.support.hierarchical.Node.around(Node.java:137)
	at org.junit.platform.engine.support.hierarchical.NodeTestTask.lambda$executeRecursively$9(NodeTestTask.java:144)
	at org.junit.platform.engine.support.hierarchical.ThrowableCollector.execute(ThrowableCollector.java:73)
	at org.junit.platform.engine.support.hierarchical.NodeTestTask.executeRecursively(NodeTestTask.java:143)
	at org.junit.platform.engine.support.hierarchical.NodeTestTask.execute(NodeTestTask.java:100)
	at java.base/java.util.ArrayList.forEach(ArrayList.java:1596)
	at org.junit.platform.engine.support.hierarchical.SameThreadHierarchicalTestExecutorService.invokeAll(SameThreadHierarchicalTestExecutorService.java:41)
	at org.junit.platform.engine.support.hierarchical.NodeTestTask.lambda$executeRecursively$6(NodeTestTask.java:160)
	at org.junit.platform.engine.support.hierarchical.ThrowableCollector.execute(ThrowableCollector.java:73)
	at org.junit.platform.engine.support.hierarchical.NodeTestTask.lambda$executeRecursively$8(NodeTestTask.java:146)
	at org.junit.platform.engine.support.hierarchical.Node.around(Node.java:137)
	at org.junit.platform.engine.support.hierarchical.NodeTestTask.lambda$executeRecursively$9(NodeTestTask.java:144)
	at org.junit.platform.engine.support.hierarchical.ThrowableCollector.execute(ThrowableCollector.java:73)
	at org.junit.platform.engine.support.hierarchical.NodeTestTask.executeRecursively(NodeTestTask.java:143)
	at org.junit.platform.engine.support.hierarchical.NodeTestTask.execute(NodeTestTask.java:100)
	at java.base/java.util.ArrayList.forEach(ArrayList.java:1596)
	at org.junit.platform.engine.support.hierarchical.SameThreadHierarchicalTestExecutorService.invokeAll(SameThreadHierarchicalTestExecutorService.java:41)
	at org.junit.platform.engine.support.hierarchical.NodeTestTask.lambda$executeRecursively$6(NodeTestTask.java:160)
	at org.junit.platform.engine.support.hierarchical.ThrowableCollector.execute(ThrowableCollector.java:73)
	at org.junit.platform.engine.support.hierarchical.NodeTestTask.lambda$executeRecursively$8(NodeTestTask.java:146)
	at org.junit.platform.engine.support.hierarchical.Node.around(Node.java:137)
	at org.junit.platform.engine.support.hierarchical.NodeTestTask.lambda$executeRecursively$9(NodeTestTask.java:144)
	at org.junit.platform.engine.support.hierarchical.ThrowableCollector.execute(ThrowableCollector.java:73)
	at org.junit.platform.engine.support.hierarchical.NodeTestTask.executeRecursively(NodeTestTask.java:143)
	at org.junit.platform.engine.support.hierarchical.NodeTestTask.execute(NodeTestTask.java:100)
	at org.junit.platform.engine.support.hierarchical.SameThreadHierarchicalTestExecutorService.submit(SameThreadHierarchicalTestExecutorService.java:35)
	at org.junit.platform.engine.support.hierarchical.HierarchicalTestExecutor.execute(HierarchicalTestExecutor.java:57)
	at org.junit.platform.engine.support.hierarchical.HierarchicalTestEngine.execute(HierarchicalTestEngine.java:54)
	at org.junit.platform.launcher.core.EngineExecutionOrchestrator.execute(EngineExecutionOrchestrator.java:201)
	at org.junit.platform.launcher.core.EngineExecutionOrchestrator.execute(EngineExecutionOrchestrator.java:170)
	at org.junit.platform.launcher.core.EngineExecutionOrchestrator.execute(EngineExecutionOrchestrator.java:94)
	at org.junit.platform.launcher.core.EngineExecutionOrchestrator.lambda$execute$0(EngineExecutionOrchestrator.java:59)
	at org.junit.platform.launcher.core.EngineExecutionOrchestrator.withInterceptedStreams(EngineExecutionOrchestrator.java:142)
	at org.junit.platform.launcher.core.EngineExecutionOrchestrator.execute(EngineExecutionOrchestrator.java:58)
	at org.junit.platform.launcher.core.DefaultLauncher.execute(DefaultLauncher.java:103)
	at org.junit.platform.launcher.core.DefaultLauncher.execute(DefaultLauncher.java:85)
	at org.junit.platform.launcher.core.DelegatingLauncher.execute(DelegatingLauncher.java:47)
	at org.junit.platform.launcher.core.InterceptingLauncher.lambda$execute$1(InterceptingLauncher.java:39)
	at org.junit.platform.launcher.core.ClasspathAlignmentCheckingLauncherInterceptor.intercept(ClasspathAlignmentCheckingLauncherInterceptor.java:25)
	at org.junit.platform.launcher.core.InterceptingLauncher.execute(InterceptingLauncher.java:38)
	at org.junit.platform.launcher.core.DelegatingLauncher.execute(DelegatingLauncher.java:47)
	at org.apache.maven.surefire.junitplatform.LazyLauncher.execute(LazyLauncher.java:56)
	at org.apache.maven.surefire.junitplatform.JUnitPlatformProvider.execute(JUnitPlatformProvider.java:194)
	at org.apache.maven.surefire.junitplatform.JUnitPlatformProvider.invokeAllTests(JUnitPlatformProvider.java:150)
	at org.apache.maven.surefire.junitplatform.JUnitPlatformProvider.invoke(JUnitPlatformProvider.java:124)
	at org.apache.maven.surefire.booter.ForkedBooter.runSuitesInProcess(ForkedBooter.java:385)
	at org.apache.maven.surefire.booter.ForkedBooter.execute(ForkedBooter.java:162)
	at org.apache.maven.surefire.booter.ForkedBooter.run(ForkedBooter.java:507)
	at org.apache.maven.surefire.booter.ForkedBooter.main(ForkedBooter.java:495)
2025-07-09 15:16:11 [main] WARN  c.r.rewardservice.RewardServiceImpl - No transactions found for customer: NonExistingUser
2025-07-09 15:16:11 [main] ERROR c.r.r.CustomerNotFoundException - This is an error log: customer not found: unknown
2025-07-09 15:16:46 [restartedMain] INFO  c.rewardapp.RewardProgramApplication - Starting RewardProgramApplication using Java 21.0.3 with PID 8492 (D:\STS WorkSpace\InterView Questions\rewardprogram\target\classes started by manut in D:\STS WorkSpace\InterView Questions\rewardprogram)
2025-07-09 15:16:46 [restartedMain] DEBUG c.rewardapp.RewardProgramApplication - Running with Spring Boot v3.5.3, Spring v6.2.8
2025-07-09 15:16:46 [restartedMain] INFO  c.rewardapp.RewardProgramApplication - No active profile set, falling back to 1 default profile: "default"
2025-07-09 15:16:50 [restartedMain] INFO  c.rewardapp.RewardProgramApplication - Started RewardProgramApplication in 4.3 seconds (process running for 5.136)
2025-07-09 15:17:03 [http-nio-8083-exec-1] INFO  c.r.r.RewardController - Fetching reward data for customer 'Satyam' between 2025-07-01 and 2025-07-31
2025-07-09 15:17:07 [http-nio-8083-exec-3] INFO  c.r.r.RewardController - Fetching reward data for all customers between 2025-07-01 and 2025-07-30
2025-07-09 15:17:15 [http-nio-8083-exec-8] INFO  c.r.r.RewardController - Received transaction from customer 'manu', amount: 101.0
2025-07-09 15:17:22 [http-nio-8083-exec-9] INFO  c.r.r.RewardController - Received transaction from customer 'manu', amount: 101.0
2025-07-09 15:18:34 [http-nio-8083-exec-1] INFO  c.r.r.RewardController - Received transaction from customer 'manu', amount: 101.0
